<?xml version="1.0" encoding="UTF-8"?>
<!-- Generated by org.testng.reporters.JUnitReportReporter -->
<testsuite hostname="DESKTOP-28CLGRH" failures="0" tests="1" name="com.apiPractice.Authontication" time="7.731" errors="0" timestamp="2023-09-12T10:52:10 IST" skipped="0">
  <testcase classname="com.apiPractice.Authontication" name="testDigestAuthentication" time="7.731"/>
  <system-out/>
</testsuite> <!-- com.apiPractice.Authontication -->
