<?xml version="1.0" encoding="UTF-8"?>
<!-- Generated by org.testng.reporters.JUnitReportReporter -->
<testsuite hostname="DESKTOP-28CLGRH" failures="0" tests="1" name="com.apiPractice.FakerDataGenerator" time="0.615" errors="0" timestamp="2023-09-01T11:42:11 IST" skipped="0">
  <testcase classname="com.apiPractice.FakerDataGenerator" name="generateDummyData" time="0.615"/>
  <system-out/>
</testsuite> <!-- com.apiPractice.FakerDataGenerator -->
