<?xml version="1.0" encoding="UTF-8"?>
<!-- Generated by org.testng.reporters.JUnitReportReporter -->
<testsuite hostname="DESKTOP-28CLGRH" failures="0" tests="1" name="com.apiPractice.HttpRequest" time="4.658" errors="0" timestamp="2023-08-23T16:47:35 IST" skipped="0">
  <testcase classname="com.apiPractice.HttpRequest" name="getUser" time="4.658"/>
  <system-out/>
</testsuite> <!-- com.apiPractice.HttpRequest -->
