<?xml version="1.0" encoding="UTF-8"?>
<!-- Generated by org.testng.reporters.JUnitReportReporter -->
<testsuite hostname="DESKTOP-28CLGRH" failures="0" tests="1" name="com.apiPractice.ParsingXMLResponse" time="8.595" errors="0" timestamp="2023-08-28T18:27:24 IST" skipped="0">
  <testcase classname="com.apiPractice.ParsingXMLResponse" name="testXMLResponse" time="8.595"/>
  <system-out/>
</testsuite> <!-- com.apiPractice.ParsingXMLResponse -->
